H:\POO\NOUVEAU DOSSIER\WRAPPER\DEBUG\WRAPPERCARTE.OBJ
H:\POO\NOUVEAU DOSSIER\WRAPPER\DEBUG\ASSEMBLYINFO.OBJ
H:\POO\NOUVEAU DOSSIER\WRAPPER\DEBUG\VC110.PDB
H:\POO\NOUVEAU DOSSIER\WRAPPER\DEBUG\.NETFRAMEWORK,VERSION=V4.5.ASSEMBLYATTRIBUTES.OBJ
C:\USERS\BMATRY\DOCUMENTS\NOUVEAU DOSSIER\WRAPPER\DEBUG\WRAPPERCARTE.OBJ
C:\USERS\BMATRY\DOCUMENTS\NOUVEAU DOSSIER\WRAPPER\DEBUG\ASSEMBLYINFO.OBJ
C:\USERS\BMATRY\DOCUMENTS\NOUVEAU DOSSIER\WRAPPER\DEBUG\VC110.PDB
H:\POO\NOUVEAU DOSSIER\DEBUG\WRAPPER.ILK
H:\POO\NOUVEAU DOSSIER\DEBUG\WRAPPER.DLL
H:\POO\NOUVEAU DOSSIER\DEBUG\WRAPPER.PDB
C:\USERS\BMATRY\DOCUMENTS\NOUVEAU DOSSIER\DEBUG\WRAPPER.ILK
C:\USERS\BMATRY\DOCUMENTS\NOUVEAU DOSSIER\DEBUG\WRAPPER.DLL
C:\USERS\BMATRY\DOCUMENTS\NOUVEAU DOSSIER\DEBUG\WRAPPER.PDB
H:\POO\NOUVEAU DOSSIER\WRAPPER\DEBUG\APP.RES
C:\USERS\BMATRY\DOCUMENTS\NOUVEAU DOSSIER\WRAPPER\DEBUG\APP.RES
C:\Users\bmatry\Documents\Nouveau dossier\Wrapper\Debug\.NETFramework,Version=v4.5.AssemblyAttributes.obj
C:\Users\bmatry\Documents\Nouveau dossier\Wrapper\Debug\AssemblyInfo.obj
C:\Users\bmatry\Documents\Nouveau dossier\Wrapper\Debug\WrapperCarte.obj
C:\Users\bmatry\Documents\Nouveau dossier\Wrapper\Debug\cl.command.1.tlog
C:\Users\bmatry\Documents\Nouveau dossier\Wrapper\Debug\CL.read.1.tlog
C:\Users\bmatry\Documents\Nouveau dossier\Wrapper\Debug\CL.write.1.tlog
C:\Users\bmatry\Documents\Nouveau dossier\Wrapper\Debug\link.5228-cvtres.read.1.tlog
C:\Users\bmatry\Documents\Nouveau dossier\Wrapper\Debug\link.5228-cvtres.write.1.tlog
C:\Users\bmatry\Documents\Nouveau dossier\Wrapper\Debug\link.5228-rc.read.1.tlog
C:\Users\bmatry\Documents\Nouveau dossier\Wrapper\Debug\link.5228-rc.write.1.tlog
C:\Users\bmatry\Documents\Nouveau dossier\Wrapper\Debug\link.5228.read.1.tlog
C:\Users\bmatry\Documents\Nouveau dossier\Wrapper\Debug\link.5228.write.1.tlog
C:\Users\bmatry\Documents\Nouveau dossier\Wrapper\Debug\link.5708-cvtres.read.1.tlog
C:\Users\bmatry\Documents\Nouveau dossier\Wrapper\Debug\link.5708-cvtres.write.1.tlog
C:\Users\bmatry\Documents\Nouveau dossier\Wrapper\Debug\link.5708-rc.read.1.tlog
C:\Users\bmatry\Documents\Nouveau dossier\Wrapper\Debug\link.5708-rc.write.1.tlog
C:\Users\bmatry\Documents\Nouveau dossier\Wrapper\Debug\link.5708.read.1.tlog
C:\Users\bmatry\Documents\Nouveau dossier\Wrapper\Debug\link.5708.write.1.tlog
C:\Users\bmatry\Documents\Nouveau dossier\Wrapper\Debug\link.command.1.tlog
C:\Users\bmatry\Documents\Nouveau dossier\Wrapper\Debug\link.read.1.tlog
C:\Users\bmatry\Documents\Nouveau dossier\Wrapper\Debug\link.write.1.tlog
C:\Users\bmatry\Documents\Nouveau dossier\Wrapper\Debug\metagen.read.1.tlog
C:\Users\bmatry\Documents\Nouveau dossier\Wrapper\Debug\metagen.write.1.tlog
C:\Users\bmatry\Documents\Nouveau dossier\Wrapper\Debug\rc.command.1.tlog
C:\Users\bmatry\Documents\Nouveau dossier\Wrapper\Debug\rc.read.1.tlog
C:\Users\bmatry\Documents\Nouveau dossier\Wrapper\Debug\rc.write.1.tlog
C:\Users\bmatry\Documents\Nouveau dossier\Wrapper\Debug\app.res
C:\Users\bmatry\Documents\Nouveau dossier\Wrapper\Debug\vc110.pdb
C:\Users\bmatry\Documents\Nouveau dossier\Wrapper\Debug\RSAENH.DLL.bi
C:\Users\bmatry\Documents\Nouveau dossier\Wrapper\Debug\TZRES.DLL.bi
C:\Users\bmatry\Documents\Nouveau dossier\Debug\Wrapper.pdb
C:\Users\bmatry\Documents\Nouveau dossier\Debug\Wrapper.dll
C:\Users\bmatry\Documents\Nouveau dossier\Debug\Wrapper.ilk
