La génération a démarré 04/12/2013 09:16:55.
     1>Projet "C:\Users\bmatry\Documents\Nouveau dossier\LibrairieCpp\Librairie Cpp.vcxproj" sur le nœud 2 (Rebuild cible(s)).
     1>_PrepareForClean:
         Suppression du fichier "Debug\LibrairieCpp.lastbuildstate".
       InitializeBuildStatus:
         Création de "Debug\LibrairieCpp.unsuccessfulbuild", car "AlwaysCreate" a été spécifié.
       ClCompile:
         C:\Program Files (x86)\Microsoft Visual Studio 11.0\VC\bin\CL.exe /c /ZI /nologo /W3 /WX- /sdl /Od /Oy- /D WANT_DLL_EXPORT /D _WINDLL /D _MBCS /Gm /EHsc /RTC1 /MDd /GS /fp:precise /Zc:wchar_t /Zc:forScope /Fo"Debug\\" /Fd"Debug\vc110.pdb" /Gd /TP /analyze- /errorReport:prompt Api.cpp
         Api.cpp
     1>c:\users\bmatry\documents\nouveau dossier\librairiecpp\api.cpp(8): warning C4244: 'argument' : conversion de 'time_t' en 'unsigned int', perte possible de données
       Link:
         C:\Program Files (x86)\Microsoft Visual Studio 11.0\VC\bin\link.exe /ERRORREPORT:PROMPT /OUT:"C:\Users\bmatry\Documents\Nouveau dossier\Debug\LibrairieCpp.dll" /INCREMENTAL /NOLOGO kernel32.lib user32.lib gdi32.lib winspool.lib comdlg32.lib advapi32.lib shell32.lib ole32.lib oleaut32.lib uuid.lib odbc32.lib odbccp32.lib /MANIFEST /MANIFESTUAC:"level='asInvoker' uiAccess='false'" /manifest:embed /DEBUG /PDB:"C:\Users\bmatry\Documents\Nouveau dossier\Debug\LibrairieCpp.pdb" /TLBID:1 /DYNAMICBASE /NXCOMPAT /IMPLIB:"C:\Users\bmatry\Documents\Nouveau dossier\Debug\LibrairieCpp.lib" /MACHINE:X86 /DLL Debug\Api.obj
            Création de la bibliothèque C:\Users\bmatry\Documents\Nouveau dossier\Debug\LibrairieCpp.lib et de l'objet C:\Users\bmatry\Documents\Nouveau dossier\Debug\LibrairieCpp.exp
         Librairie Cpp.vcxproj -> C:\Users\bmatry\Documents\Nouveau dossier\Debug\LibrairieCpp.dll
       FinalizeBuildStatus:
         Suppression du fichier "Debug\LibrairieCpp.unsuccessfulbuild".
         Mise à jour de l'horodatage "Debug\LibrairieCpp.lastbuildstate".
     1>Génération du projet "C:\Users\bmatry\Documents\Nouveau dossier\LibrairieCpp\Librairie Cpp.vcxproj" terminée (Rebuild cible(s)).

La génération a réussi.

Temps écoulé 00:00:00.63
