H:\POO\NOUVEAU DOSSIER\LIBRAIRIECPP\DEBUG\API.OBJ
H:\POO\NOUVEAU DOSSIER\LIBRAIRIECPP\DEBUG\CARTEUNMANAGED.OBJ
H:\POO\NOUVEAU DOSSIER\LIBRAIRIECPP\DEBUG\VC110.PDB
H:\POO\NOUVEAU DOSSIER\DEBUG\LIBRAIRIECPP.ILK
H:\POO\NOUVEAU DOSSIER\DEBUG\LIBRAIRIECPP.DLL
H:\POO\NOUVEAU DOSSIER\DEBUG\LIBRAIRIECPP.PDB
H:\POO\Nouveau dossier\Debug\LibrairieCpp.lib
H:\POO\Nouveau dossier\Debug\LibrairieCpp.exp
H:\POO\Nouveau dossier\LibrairieCpp\Debug\Api.obj
H:\POO\Nouveau dossier\LibrairieCpp\Debug\CarteUnmanaged.obj
H:\POO\Nouveau dossier\LibrairieCpp\Debug\CL.read.1.tlog
H:\POO\Nouveau dossier\LibrairieCpp\Debug\CL.write.1.tlog
H:\POO\Nouveau dossier\LibrairieCpp\Debug\cl.command.1.tlog
H:\POO\Nouveau dossier\LibrairieCpp\Debug\link-rc.read.1.tlog
H:\POO\Nouveau dossier\LibrairieCpp\Debug\link-rc.write.1.tlog
H:\POO\Nouveau dossier\LibrairieCpp\Debug\link-cvtres.read.1.tlog
H:\POO\Nouveau dossier\LibrairieCpp\Debug\link-cvtres.write.1.tlog
H:\POO\Nouveau dossier\LibrairieCpp\Debug\link.read.1.tlog
H:\POO\Nouveau dossier\LibrairieCpp\Debug\link.write.1.tlog
H:\POO\Nouveau dossier\LibrairieCpp\Debug\link.command.1.tlog
H:\POO\Nouveau dossier\LibrairieCpp\Debug\LibrairieCpp.write.1.tlog
H:\POO\Nouveau dossier\LibrairieCpp\Debug\vc110.idb
H:\POO\Nouveau dossier\LibrairieCpp\Debug\vc110.pdb
H:\POO\Nouveau dossier\Debug\LibrairieCpp.pdb
H:\POO\Nouveau dossier\Debug\LibrairieCpp.dll
H:\POO\Nouveau dossier\Debug\LibrairieCpp.ilk
