C:\USERS\BRUNO\GOOGLE DRIVE\INSA\4E ANNéE\POO\PROJET POO\MODELISATION\POO-MODELISATIONJEU\WRAPPER\DEBUG\WRAPPER.OBJ
C:\USERS\BRUNO\GOOGLE DRIVE\INSA\4E ANNéE\POO\PROJET POO\MODELISATION\POO-MODELISATIONJEU\WRAPPER\DEBUG\ASSEMBLYINFO.OBJ
C:\USERS\BRUNO\GOOGLE DRIVE\INSA\4E ANNÉE\POO\PROJET POO\MODELISATION\POO-MODELISATIONJEU\WRAPPER\DEBUG\VC110.PDB
C:\USERS\BRUNO\DOWNLOADS\MODELISATION\WRAPPER\DEBUG\WRAPPER.OBJ
C:\USERS\BRUNO\DOWNLOADS\MODELISATION\WRAPPER\DEBUG\ASSEMBLYINFO.OBJ
C:\USERS\BRUNO\DOWNLOADS\MODELISATION\WRAPPER\DEBUG\VC110.PDB
C:\USERS\BRUNO\DOWNLOADS\MODELISATION\WRAPPER\DEBUG\.NETFRAMEWORK,VERSION=V4.5.ASSEMBLYATTRIBUTES.OBJ
C:\USERS\BRUNO\GOOGLE DRIVE\INSA\4E ANNéE\POO\PROJET POO\MODELISATION\POO-MODELISATIONJEU\DEBUG\WRAPPER.ILK
C:\USERS\BRUNO\GOOGLE DRIVE\INSA\4E ANNéE\POO\PROJET POO\MODELISATION\POO-MODELISATIONJEU\DEBUG\WRAPPER.DLL
C:\USERS\BRUNO\GOOGLE DRIVE\INSA\4E ANNÉE\POO\PROJET POO\MODELISATION\POO-MODELISATIONJEU\DEBUG\WRAPPER.PDB
C:\USERS\BRUNO\DOWNLOADS\MODELISATION\DEBUG\WRAPPER.ILK
C:\USERS\BRUNO\DOWNLOADS\MODELISATION\DEBUG\WRAPPER.DLL
C:\USERS\BRUNO\DOWNLOADS\MODELISATION\DEBUG\WRAPPER.PDB
C:\USERS\BRUNO\GOOGLE DRIVE\INSA\4E ANNéE\POO\PROJET POO\MODELISATION\POO-MODELISATIONJEU\WRAPPER\DEBUG\APP.RES
C:\USERS\BRUNO\DOWNLOADS\MODELISATION\WRAPPER\DEBUG\APP.RES
C:\Users\Bruno\Google Drive\INSA\4e Année\POO\Projet POO\Modelisation\POO-ModelisationJeu\Debug\Wrapper.lib
C:\Users\Bruno\Google Drive\INSA\4e Année\POO\Projet POO\Modelisation\POO-ModelisationJeu\Debug\Wrapper.exp
C:\Users\Bruno\Downloads\Modelisation\Debug\Wrapper.lib
C:\Users\Bruno\Downloads\Modelisation\Debug\Wrapper.exp
C:\Users\Bruno\Downloads\Modelisation\Wrapper\Debug\Wrapper.vcxprojResolveAssemblyReference.cache
C:\Users\Bruno\Downloads\Modelisation\Wrapper\Debug\.NETFramework,Version=v4.5.AssemblyAttributes.obj
C:\Users\Bruno\Downloads\Modelisation\Wrapper\Debug\AssemblyInfo.obj
C:\Users\Bruno\Downloads\Modelisation\Wrapper\Debug\Wrapper.obj
C:\Users\Bruno\Downloads\Modelisation\Wrapper\Debug\_NETFramework,Version=v4.5.AssemblyAttributes.obj
C:\Users\Bruno\Downloads\Modelisation\Wrapper\Debug\cl.command.1.tlog
C:\Users\Bruno\Downloads\Modelisation\Wrapper\Debug\CL.read.1.tlog
C:\Users\Bruno\Downloads\Modelisation\Wrapper\Debug\CL.write.1.tlog
C:\Users\Bruno\Downloads\Modelisation\Wrapper\Debug\link.10540-cvtres.read.1.tlog
C:\Users\Bruno\Downloads\Modelisation\Wrapper\Debug\link.10540-cvtres.write.1.tlog
C:\Users\Bruno\Downloads\Modelisation\Wrapper\Debug\link.10540-rc.read.1.tlog
C:\Users\Bruno\Downloads\Modelisation\Wrapper\Debug\link.10540-rc.write.1.tlog
C:\Users\Bruno\Downloads\Modelisation\Wrapper\Debug\link.10540.read.1.tlog
C:\Users\Bruno\Downloads\Modelisation\Wrapper\Debug\link.10540.write.1.tlog
C:\Users\Bruno\Downloads\Modelisation\Wrapper\Debug\link.12080-cvtres.read.1.tlog
C:\Users\Bruno\Downloads\Modelisation\Wrapper\Debug\link.12080-cvtres.write.1.tlog
C:\Users\Bruno\Downloads\Modelisation\Wrapper\Debug\link.12080-rc.read.1.tlog
C:\Users\Bruno\Downloads\Modelisation\Wrapper\Debug\link.12080-rc.write.1.tlog
C:\Users\Bruno\Downloads\Modelisation\Wrapper\Debug\link.12080.read.1.tlog
C:\Users\Bruno\Downloads\Modelisation\Wrapper\Debug\link.12080.write.1.tlog
C:\Users\Bruno\Downloads\Modelisation\Wrapper\Debug\link.3236-cvtres.read.1.tlog
C:\Users\Bruno\Downloads\Modelisation\Wrapper\Debug\link.3236-cvtres.write.1.tlog
C:\Users\Bruno\Downloads\Modelisation\Wrapper\Debug\link.3236-rc.read.1.tlog
C:\Users\Bruno\Downloads\Modelisation\Wrapper\Debug\link.3236-rc.write.1.tlog
C:\Users\Bruno\Downloads\Modelisation\Wrapper\Debug\link.3236.read.1.tlog
C:\Users\Bruno\Downloads\Modelisation\Wrapper\Debug\link.3236.write.1.tlog
C:\Users\Bruno\Downloads\Modelisation\Wrapper\Debug\link.command.1.tlog
C:\Users\Bruno\Downloads\Modelisation\Wrapper\Debug\link.read.1.tlog
C:\Users\Bruno\Downloads\Modelisation\Wrapper\Debug\link.write.1.tlog
C:\Users\Bruno\Downloads\Modelisation\Wrapper\Debug\metagen.read.1.tlog
C:\Users\Bruno\Downloads\Modelisation\Wrapper\Debug\metagen.write.1.tlog
C:\Users\Bruno\Downloads\Modelisation\Wrapper\Debug\rc.command.1.tlog
C:\Users\Bruno\Downloads\Modelisation\Wrapper\Debug\rc.read.1.tlog
C:\Users\Bruno\Downloads\Modelisation\Wrapper\Debug\rc.write.1.tlog
C:\Users\Bruno\Downloads\Modelisation\Wrapper\Debug\Wrapper.write.1.tlog
C:\Users\Bruno\Downloads\Modelisation\Wrapper\Debug\app.res
C:\Users\Bruno\Downloads\Modelisation\Wrapper\Debug\vc110.pdb
C:\Users\Bruno\Downloads\Modelisation\Wrapper\Debug\TZRES.DLL.bi
C:\Users\Bruno\Downloads\Modelisation\Debug\Wrapper.pdb
C:\Users\Bruno\Downloads\Modelisation\Debug\Wrapper.dll
C:\Users\Bruno\Downloads\Modelisation\Debug\Wrapper.ilk
